Terminals unused in grammar

   PRIVATE
   BLOCK_COMMENT
   LINE_COMMENT
   FOR


State 104 conflicts: 10 shift/reduce
State 129 conflicts: 4 shift/reduce
State 130 conflicts: 4 shift/reduce
State 131 conflicts: 4 shift/reduce
State 132 conflicts: 4 shift/reduce
State 133 conflicts: 4 shift/reduce
State 134 conflicts: 4 shift/reduce
State 137 conflicts: 10 shift/reduce
State 138 conflicts: 10 shift/reduce


Grammar

    0 $accept: Program $end

    1 Program: MainClass
    2        | MainClass ClassDecls

    3 ClassDecls: ClassDecl
    4           | ClassDecls ClassDecl

    5 MainClass: CLASS ID '{' PUBLIC STATIC VOID MAIN '(' STRING '[' ']' ')' '{' Statement '}' '}'

    6 ClassDecl: CLASS ID '{' VarDecls MethodDecls '}'
    7          | CLASS ID '{' MethodDecls '}'
    8          | CLASS ID '{' VarDecls '}'
    9          | CLASS ID '{' '}'
   10          | CLASS ID EXTENDS ID '{' VarDecls MethodDecls '}'
   11          | CLASS ID EXTENDS ID '{' MethodDecls '}'
   12          | CLASS ID EXTENDS ID '{' VarDecls '}'
   13          | CLASS ID EXTENDS ID '{' '}'

   14 VarDecls: VarDecl
   15         | VarDecls VarDecl

   16 MethodDecls: MethodDecl
   17            | MethodDecls MethodDecl

   18 VarDecl: Type ID ';'

   19 MethodDecl: PUBLIC Type ID '(' FormalList ')' '{' VarDecls Statements RETURN Exp ';' '}'
   20           | PUBLIC Type ID '(' FormalList ')' '{' Statements RETURN Exp ';' '}'
   21           | PUBLIC Type ID '(' FormalList ')' '{' VarDecls RETURN Exp ';' '}'
   22           | PUBLIC Type ID '(' FormalList ')' '{' RETURN Exp ';' '}'

   23 FormalList: Type ID FormalRests
   24           | Type ID
   25           | /* empty */

   26 FormalRests: FormalRest
   27            | FormalRests FormalRest

   28 FormalRest: ',' Type ID

   29 Statements: Statement
   30           | Statements Statement

   31 Type: INT '[' ']'
   32     | INT
   33     | BOOLEAN
   34     | STRING
   35     | VOID
   36     | ID

   37 Statement: '{' Statements '}'
   38          | IF '(' Exp ')' Statement ELSE Statement
   39          | WHILE '(' Exp ')' Statement
   40          | SYSTEMOUTPRINTLN '(' Exp ')' ';'
   41          | ID '=' Exp ';'
   42          | ID '[' Exp ']' '=' Exp ';'

   43 Exp: Exp '=' Exp
   44    | Exp '<' Exp
   45    | Exp '|' Exp
   46    | Exp '&' Exp
   47    | Exp '-' Exp
   48    | Exp '+' Exp
   49    | Exp '/' Exp
   50    | Exp '*' Exp
   51    | Exp '[' Exp ']'
   52    | Exp '.' LENGTH
   53    | Exp '.' ID '(' ExpList ')'
   54    | NUMBER
   55    | TRUE
   56    | FALSE
   57    | ID
   58    | THIS
   59    | NEW INT '[' Exp ']'
   60    | NEW ID '(' ')'
   61    | '!' Exp
   62    | '(' Exp ')'

   63 ExpList: Exp ExpRests
   64        | Exp
   65        | /* empty */

   66 ExpRests: ExpRest
   67         | ExpRests ExpRest

   68 ExpRest: ',' Exp


Terminals, with rules where they appear

$end (0) 0
'!' (33) 61
'&' (38) 46
'(' (40) 5 19 20 21 22 38 39 40 53 60 62
')' (41) 5 19 20 21 22 38 39 40 53 60 62
'*' (42) 50
'+' (43) 48
',' (44) 28 68
'-' (45) 47
'.' (46) 52 53
'/' (47) 49
';' (59) 18 19 20 21 22 40 41 42
'<' (60) 44
'=' (61) 41 42 43
'[' (91) 5 31 42 51 59
']' (93) 5 31 42 51 59
'{' (123) 5 6 7 8 9 10 11 12 13 19 20 21 22 37
'|' (124) 45
'}' (125) 5 6 7 8 9 10 11 12 13 19 20 21 22 37
error (256)
NUMBER (258) 54
ID (259) 5 6 7 8 9 10 11 12 13 18 19 20 21 22 23 24 28 36 41 42 53
    57 60
CLASS (260) 5 6 7 8 9 10 11 12 13
EXTENDS (261) 10 11 12 13
PRIVATE (262)
PUBLIC (263) 5 19 20 21 22
RETURN (264) 19 20 21 22
BLOCK_COMMENT (265)
LINE_COMMENT (266)
IF (267) 38
ELSE (268) 38
BOOLEAN (269) 33
INT (270) 31 32 59
WHILE (271) 39
FOR (272)
SYSTEMOUTPRINTLN (273) 40
LENGTH (274) 52
TRUE (275) 55
FALSE (276) 56
THIS (277) 58
NEW (278) 59 60
VOID (279) 5 35
STATIC (280) 5
MAIN (281) 5
STRING (282) 5 34


Nonterminals, with rules where they appear

$accept (46)
    on left: 0
Program (47)
    on left: 1 2, on right: 0
ClassDecls (48)
    on left: 3 4, on right: 2 4
MainClass (49)
    on left: 5, on right: 1 2
ClassDecl (50)
    on left: 6 7 8 9 10 11 12 13, on right: 3 4
VarDecls (51)
    on left: 14 15, on right: 6 8 10 12 15 19 21
MethodDecls (52)
    on left: 16 17, on right: 6 7 10 11 17
VarDecl (53)
    on left: 18, on right: 14 15
MethodDecl (54)
    on left: 19 20 21 22, on right: 16 17
FormalList (55)
    on left: 23 24 25, on right: 19 20 21 22
FormalRests (56)
    on left: 26 27, on right: 23 27
FormalRest (57)
    on left: 28, on right: 26 27
Statements (58)
    on left: 29 30, on right: 19 20 30 37
Type (59)
    on left: 31 32 33 34 35 36, on right: 18 19 20 21 22 23 24 28
Statement (60)
    on left: 37 38 39 40 41 42, on right: 5 29 30 38 39
Exp (61)
    on left: 43 44 45 46 47 48 49 50 51 52 53 54 55 56 57 58 59 60
    61 62, on right: 19 20 21 22 38 39 40 41 42 43 44 45 46 47 48 49
    50 51 52 53 59 61 62 63 64 68
ExpList (62)
    on left: 63 64 65, on right: 53
ExpRests (63)
    on left: 66 67, on right: 63 67
ExpRest (64)
    on left: 68, on right: 66 67


State 0

    0 $accept: . Program $end

    CLASS  shift, and go to state 1

    Program    go to state 2
    MainClass  go to state 3


State 1

    5 MainClass: CLASS . ID '{' PUBLIC STATIC VOID MAIN '(' STRING '[' ']' ')' '{' Statement '}' '}'

    ID  shift, and go to state 4


State 2

    0 $accept: Program . $end

    $end  shift, and go to state 5


State 3

    1 Program: MainClass .
    2        | MainClass . ClassDecls

    CLASS  shift, and go to state 6

    $default  reduce using rule 1 (Program)

    ClassDecls  go to state 7
    ClassDecl   go to state 8


State 4

    5 MainClass: CLASS ID . '{' PUBLIC STATIC VOID MAIN '(' STRING '[' ']' ')' '{' Statement '}' '}'

    '{'  shift, and go to state 9


State 5

    0 $accept: Program $end .

    $default  accept


State 6

    6 ClassDecl: CLASS . ID '{' VarDecls MethodDecls '}'
    7          | CLASS . ID '{' MethodDecls '}'
    8          | CLASS . ID '{' VarDecls '}'
    9          | CLASS . ID '{' '}'
   10          | CLASS . ID EXTENDS ID '{' VarDecls MethodDecls '}'
   11          | CLASS . ID EXTENDS ID '{' MethodDecls '}'
   12          | CLASS . ID EXTENDS ID '{' VarDecls '}'
   13          | CLASS . ID EXTENDS ID '{' '}'

    ID  shift, and go to state 10


State 7

    2 Program: MainClass ClassDecls .
    4 ClassDecls: ClassDecls . ClassDecl

    CLASS  shift, and go to state 6

    $default  reduce using rule 2 (Program)

    ClassDecl  go to state 11


State 8

    3 ClassDecls: ClassDecl .

    $default  reduce using rule 3 (ClassDecls)


State 9

    5 MainClass: CLASS ID '{' . PUBLIC STATIC VOID MAIN '(' STRING '[' ']' ')' '{' Statement '}' '}'

    PUBLIC  shift, and go to state 12


State 10

    6 ClassDecl: CLASS ID . '{' VarDecls MethodDecls '}'
    7          | CLASS ID . '{' MethodDecls '}'
    8          | CLASS ID . '{' VarDecls '}'
    9          | CLASS ID . '{' '}'
   10          | CLASS ID . EXTENDS ID '{' VarDecls MethodDecls '}'
   11          | CLASS ID . EXTENDS ID '{' MethodDecls '}'
   12          | CLASS ID . EXTENDS ID '{' VarDecls '}'
   13          | CLASS ID . EXTENDS ID '{' '}'

    EXTENDS  shift, and go to state 13
    '{'      shift, and go to state 14


State 11

    4 ClassDecls: ClassDecls ClassDecl .

    $default  reduce using rule 4 (ClassDecls)


State 12

    5 MainClass: CLASS ID '{' PUBLIC . STATIC VOID MAIN '(' STRING '[' ']' ')' '{' Statement '}' '}'

    STATIC  shift, and go to state 15


State 13

   10 ClassDecl: CLASS ID EXTENDS . ID '{' VarDecls MethodDecls '}'
   11          | CLASS ID EXTENDS . ID '{' MethodDecls '}'
   12          | CLASS ID EXTENDS . ID '{' VarDecls '}'
   13          | CLASS ID EXTENDS . ID '{' '}'

    ID  shift, and go to state 16


State 14

    6 ClassDecl: CLASS ID '{' . VarDecls MethodDecls '}'
    7          | CLASS ID '{' . MethodDecls '}'
    8          | CLASS ID '{' . VarDecls '}'
    9          | CLASS ID '{' . '}'

    ID       shift, and go to state 17
    PUBLIC   shift, and go to state 18
    BOOLEAN  shift, and go to state 19
    INT      shift, and go to state 20
    VOID     shift, and go to state 21
    STRING   shift, and go to state 22
    '}'      shift, and go to state 23

    VarDecls     go to state 24
    MethodDecls  go to state 25
    VarDecl      go to state 26
    MethodDecl   go to state 27
    Type         go to state 28


State 15

    5 MainClass: CLASS ID '{' PUBLIC STATIC . VOID MAIN '(' STRING '[' ']' ')' '{' Statement '}' '}'

    VOID  shift, and go to state 29


State 16

   10 ClassDecl: CLASS ID EXTENDS ID . '{' VarDecls MethodDecls '}'
   11          | CLASS ID EXTENDS ID . '{' MethodDecls '}'
   12          | CLASS ID EXTENDS ID . '{' VarDecls '}'
   13          | CLASS ID EXTENDS ID . '{' '}'

    '{'  shift, and go to state 30


State 17

   36 Type: ID .

    $default  reduce using rule 36 (Type)


State 18

   19 MethodDecl: PUBLIC . Type ID '(' FormalList ')' '{' VarDecls Statements RETURN Exp ';' '}'
   20           | PUBLIC . Type ID '(' FormalList ')' '{' Statements RETURN Exp ';' '}'
   21           | PUBLIC . Type ID '(' FormalList ')' '{' VarDecls RETURN Exp ';' '}'
   22           | PUBLIC . Type ID '(' FormalList ')' '{' RETURN Exp ';' '}'

    ID       shift, and go to state 17
    BOOLEAN  shift, and go to state 19
    INT      shift, and go to state 20
    VOID     shift, and go to state 21
    STRING   shift, and go to state 22

    Type  go to state 31


State 19

   33 Type: BOOLEAN .

    $default  reduce using rule 33 (Type)


State 20

   31 Type: INT . '[' ']'
   32     | INT .

    '['  shift, and go to state 32

    $default  reduce using rule 32 (Type)


State 21

   35 Type: VOID .

    $default  reduce using rule 35 (Type)


State 22

   34 Type: STRING .

    $default  reduce using rule 34 (Type)


State 23

    9 ClassDecl: CLASS ID '{' '}' .

    $default  reduce using rule 9 (ClassDecl)


State 24

    6 ClassDecl: CLASS ID '{' VarDecls . MethodDecls '}'
    8          | CLASS ID '{' VarDecls . '}'
   15 VarDecls: VarDecls . VarDecl

    ID       shift, and go to state 17
    PUBLIC   shift, and go to state 18
    BOOLEAN  shift, and go to state 19
    INT      shift, and go to state 20
    VOID     shift, and go to state 21
    STRING   shift, and go to state 22
    '}'      shift, and go to state 33

    MethodDecls  go to state 34
    VarDecl      go to state 35
    MethodDecl   go to state 27
    Type         go to state 28


State 25

    7 ClassDecl: CLASS ID '{' MethodDecls . '}'
   17 MethodDecls: MethodDecls . MethodDecl

    PUBLIC  shift, and go to state 18
    '}'     shift, and go to state 36

    MethodDecl  go to state 37


State 26

   14 VarDecls: VarDecl .

    $default  reduce using rule 14 (VarDecls)


State 27

   16 MethodDecls: MethodDecl .

    $default  reduce using rule 16 (MethodDecls)


State 28

   18 VarDecl: Type . ID ';'

    ID  shift, and go to state 38


State 29

    5 MainClass: CLASS ID '{' PUBLIC STATIC VOID . MAIN '(' STRING '[' ']' ')' '{' Statement '}' '}'

    MAIN  shift, and go to state 39


State 30

   10 ClassDecl: CLASS ID EXTENDS ID '{' . VarDecls MethodDecls '}'
   11          | CLASS ID EXTENDS ID '{' . MethodDecls '}'
   12          | CLASS ID EXTENDS ID '{' . VarDecls '}'
   13          | CLASS ID EXTENDS ID '{' . '}'

    ID       shift, and go to state 17
    PUBLIC   shift, and go to state 18
    BOOLEAN  shift, and go to state 19
    INT      shift, and go to state 20
    VOID     shift, and go to state 21
    STRING   shift, and go to state 22
    '}'      shift, and go to state 40

    VarDecls     go to state 41
    MethodDecls  go to state 42
    VarDecl      go to state 26
    MethodDecl   go to state 27
    Type         go to state 28


State 31

   19 MethodDecl: PUBLIC Type . ID '(' FormalList ')' '{' VarDecls Statements RETURN Exp ';' '}'
   20           | PUBLIC Type . ID '(' FormalList ')' '{' Statements RETURN Exp ';' '}'
   21           | PUBLIC Type . ID '(' FormalList ')' '{' VarDecls RETURN Exp ';' '}'
   22           | PUBLIC Type . ID '(' FormalList ')' '{' RETURN Exp ';' '}'

    ID  shift, and go to state 43


State 32

   31 Type: INT '[' . ']'

    ']'  shift, and go to state 44


State 33

    8 ClassDecl: CLASS ID '{' VarDecls '}' .

    $default  reduce using rule 8 (ClassDecl)


State 34

    6 ClassDecl: CLASS ID '{' VarDecls MethodDecls . '}'
   17 MethodDecls: MethodDecls . MethodDecl

    PUBLIC  shift, and go to state 18
    '}'     shift, and go to state 45

    MethodDecl  go to state 37


State 35

   15 VarDecls: VarDecls VarDecl .

    $default  reduce using rule 15 (VarDecls)


State 36

    7 ClassDecl: CLASS ID '{' MethodDecls '}' .

    $default  reduce using rule 7 (ClassDecl)


State 37

   17 MethodDecls: MethodDecls MethodDecl .

    $default  reduce using rule 17 (MethodDecls)


State 38

   18 VarDecl: Type ID . ';'

    ';'  shift, and go to state 46


State 39

    5 MainClass: CLASS ID '{' PUBLIC STATIC VOID MAIN . '(' STRING '[' ']' ')' '{' Statement '}' '}'

    '('  shift, and go to state 47


State 40

   13 ClassDecl: CLASS ID EXTENDS ID '{' '}' .

    $default  reduce using rule 13 (ClassDecl)


State 41

   10 ClassDecl: CLASS ID EXTENDS ID '{' VarDecls . MethodDecls '}'
   12          | CLASS ID EXTENDS ID '{' VarDecls . '}'
   15 VarDecls: VarDecls . VarDecl

    ID       shift, and go to state 17
    PUBLIC   shift, and go to state 18
    BOOLEAN  shift, and go to state 19
    INT      shift, and go to state 20
    VOID     shift, and go to state 21
    STRING   shift, and go to state 22
    '}'      shift, and go to state 48

    MethodDecls  go to state 49
    VarDecl      go to state 35
    MethodDecl   go to state 27
    Type         go to state 28


State 42

   11 ClassDecl: CLASS ID EXTENDS ID '{' MethodDecls . '}'
   17 MethodDecls: MethodDecls . MethodDecl

    PUBLIC  shift, and go to state 18
    '}'     shift, and go to state 50

    MethodDecl  go to state 37


State 43

   19 MethodDecl: PUBLIC Type ID . '(' FormalList ')' '{' VarDecls Statements RETURN Exp ';' '}'
   20           | PUBLIC Type ID . '(' FormalList ')' '{' Statements RETURN Exp ';' '}'
   21           | PUBLIC Type ID . '(' FormalList ')' '{' VarDecls RETURN Exp ';' '}'
   22           | PUBLIC Type ID . '(' FormalList ')' '{' RETURN Exp ';' '}'

    '('  shift, and go to state 51


State 44

   31 Type: INT '[' ']' .

    $default  reduce using rule 31 (Type)


State 45

    6 ClassDecl: CLASS ID '{' VarDecls MethodDecls '}' .

    $default  reduce using rule 6 (ClassDecl)


State 46

   18 VarDecl: Type ID ';' .

    $default  reduce using rule 18 (VarDecl)


State 47

    5 MainClass: CLASS ID '{' PUBLIC STATIC VOID MAIN '(' . STRING '[' ']' ')' '{' Statement '}' '}'

    STRING  shift, and go to state 52


State 48

   12 ClassDecl: CLASS ID EXTENDS ID '{' VarDecls '}' .

    $default  reduce using rule 12 (ClassDecl)


State 49

   10 ClassDecl: CLASS ID EXTENDS ID '{' VarDecls MethodDecls . '}'
   17 MethodDecls: MethodDecls . MethodDecl

    PUBLIC  shift, and go to state 18
    '}'     shift, and go to state 53

    MethodDecl  go to state 37


State 50

   11 ClassDecl: CLASS ID EXTENDS ID '{' MethodDecls '}' .

    $default  reduce using rule 11 (ClassDecl)


State 51

   19 MethodDecl: PUBLIC Type ID '(' . FormalList ')' '{' VarDecls Statements RETURN Exp ';' '}'
   20           | PUBLIC Type ID '(' . FormalList ')' '{' Statements RETURN Exp ';' '}'
   21           | PUBLIC Type ID '(' . FormalList ')' '{' VarDecls RETURN Exp ';' '}'
   22           | PUBLIC Type ID '(' . FormalList ')' '{' RETURN Exp ';' '}'

    ID       shift, and go to state 17
    BOOLEAN  shift, and go to state 19
    INT      shift, and go to state 20
    VOID     shift, and go to state 21
    STRING   shift, and go to state 22

    $default  reduce using rule 25 (FormalList)

    FormalList  go to state 54
    Type        go to state 55


State 52

    5 MainClass: CLASS ID '{' PUBLIC STATIC VOID MAIN '(' STRING . '[' ']' ')' '{' Statement '}' '}'

    '['  shift, and go to state 56


State 53

   10 ClassDecl: CLASS ID EXTENDS ID '{' VarDecls MethodDecls '}' .

    $default  reduce using rule 10 (ClassDecl)


State 54

   19 MethodDecl: PUBLIC Type ID '(' FormalList . ')' '{' VarDecls Statements RETURN Exp ';' '}'
   20           | PUBLIC Type ID '(' FormalList . ')' '{' Statements RETURN Exp ';' '}'
   21           | PUBLIC Type ID '(' FormalList . ')' '{' VarDecls RETURN Exp ';' '}'
   22           | PUBLIC Type ID '(' FormalList . ')' '{' RETURN Exp ';' '}'

    ')'  shift, and go to state 57


State 55

   23 FormalList: Type . ID FormalRests
   24           | Type . ID

    ID  shift, and go to state 58


State 56

    5 MainClass: CLASS ID '{' PUBLIC STATIC VOID MAIN '(' STRING '[' . ']' ')' '{' Statement '}' '}'

    ']'  shift, and go to state 59


State 57

   19 MethodDecl: PUBLIC Type ID '(' FormalList ')' . '{' VarDecls Statements RETURN Exp ';' '}'
   20           | PUBLIC Type ID '(' FormalList ')' . '{' Statements RETURN Exp ';' '}'
   21           | PUBLIC Type ID '(' FormalList ')' . '{' VarDecls RETURN Exp ';' '}'
   22           | PUBLIC Type ID '(' FormalList ')' . '{' RETURN Exp ';' '}'

    '{'  shift, and go to state 60


State 58

   23 FormalList: Type ID . FormalRests
   24           | Type ID .

    ','  shift, and go to state 61

    $default  reduce using rule 24 (FormalList)

    FormalRests  go to state 62
    FormalRest   go to state 63


State 59

    5 MainClass: CLASS ID '{' PUBLIC STATIC VOID MAIN '(' STRING '[' ']' . ')' '{' Statement '}' '}'

    ')'  shift, and go to state 64


State 60

   19 MethodDecl: PUBLIC Type ID '(' FormalList ')' '{' . VarDecls Statements RETURN Exp ';' '}'
   20           | PUBLIC Type ID '(' FormalList ')' '{' . Statements RETURN Exp ';' '}'
   21           | PUBLIC Type ID '(' FormalList ')' '{' . VarDecls RETURN Exp ';' '}'
   22           | PUBLIC Type ID '(' FormalList ')' '{' . RETURN Exp ';' '}'

    ID                shift, and go to state 65
    RETURN            shift, and go to state 66
    IF                shift, and go to state 67
    BOOLEAN           shift, and go to state 19
    INT               shift, and go to state 20
    WHILE             shift, and go to state 68
    SYSTEMOUTPRINTLN  shift, and go to state 69
    VOID              shift, and go to state 21
    STRING            shift, and go to state 22
    '{'               shift, and go to state 70

    VarDecls    go to state 71
    VarDecl     go to state 26
    Statements  go to state 72
    Type        go to state 28
    Statement   go to state 73


State 61

   28 FormalRest: ',' . Type ID

    ID       shift, and go to state 17
    BOOLEAN  shift, and go to state 19
    INT      shift, and go to state 20
    VOID     shift, and go to state 21
    STRING   shift, and go to state 22

    Type  go to state 74


State 62

   23 FormalList: Type ID FormalRests .
   27 FormalRests: FormalRests . FormalRest

    ','  shift, and go to state 61

    $default  reduce using rule 23 (FormalList)

    FormalRest  go to state 75


State 63

   26 FormalRests: FormalRest .

    $default  reduce using rule 26 (FormalRests)


State 64

    5 MainClass: CLASS ID '{' PUBLIC STATIC VOID MAIN '(' STRING '[' ']' ')' . '{' Statement '}' '}'

    '{'  shift, and go to state 76


State 65

   36 Type: ID .
   41 Statement: ID . '=' Exp ';'
   42          | ID . '[' Exp ']' '=' Exp ';'

    '['  shift, and go to state 77
    '='  shift, and go to state 78

    $default  reduce using rule 36 (Type)


State 66

   22 MethodDecl: PUBLIC Type ID '(' FormalList ')' '{' RETURN . Exp ';' '}'

    NUMBER  shift, and go to state 79
    ID      shift, and go to state 80
    TRUE    shift, and go to state 81
    FALSE   shift, and go to state 82
    THIS    shift, and go to state 83
    NEW     shift, and go to state 84
    '('     shift, and go to state 85
    '!'     shift, and go to state 86

    Exp  go to state 87


State 67

   38 Statement: IF . '(' Exp ')' Statement ELSE Statement

    '('  shift, and go to state 88


State 68

   39 Statement: WHILE . '(' Exp ')' Statement

    '('  shift, and go to state 89


State 69

   40 Statement: SYSTEMOUTPRINTLN . '(' Exp ')' ';'

    '('  shift, and go to state 90


State 70

   37 Statement: '{' . Statements '}'

    ID                shift, and go to state 91
    IF                shift, and go to state 67
    WHILE             shift, and go to state 68
    SYSTEMOUTPRINTLN  shift, and go to state 69
    '{'               shift, and go to state 70

    Statements  go to state 92
    Statement   go to state 73


State 71

   15 VarDecls: VarDecls . VarDecl
   19 MethodDecl: PUBLIC Type ID '(' FormalList ')' '{' VarDecls . Statements RETURN Exp ';' '}'
   21           | PUBLIC Type ID '(' FormalList ')' '{' VarDecls . RETURN Exp ';' '}'

    ID                shift, and go to state 65
    RETURN            shift, and go to state 93
    IF                shift, and go to state 67
    BOOLEAN           shift, and go to state 19
    INT               shift, and go to state 20
    WHILE             shift, and go to state 68
    SYSTEMOUTPRINTLN  shift, and go to state 69
    VOID              shift, and go to state 21
    STRING            shift, and go to state 22
    '{'               shift, and go to state 70

    VarDecl     go to state 35
    Statements  go to state 94
    Type        go to state 28
    Statement   go to state 73


State 72

   20 MethodDecl: PUBLIC Type ID '(' FormalList ')' '{' Statements . RETURN Exp ';' '}'
   30 Statements: Statements . Statement

    ID                shift, and go to state 91
    RETURN            shift, and go to state 95
    IF                shift, and go to state 67
    WHILE             shift, and go to state 68
    SYSTEMOUTPRINTLN  shift, and go to state 69
    '{'               shift, and go to state 70

    Statement  go to state 96


State 73

   29 Statements: Statement .

    $default  reduce using rule 29 (Statements)


State 74

   28 FormalRest: ',' Type . ID

    ID  shift, and go to state 97


State 75

   27 FormalRests: FormalRests FormalRest .

    $default  reduce using rule 27 (FormalRests)


State 76

    5 MainClass: CLASS ID '{' PUBLIC STATIC VOID MAIN '(' STRING '[' ']' ')' '{' . Statement '}' '}'

    ID                shift, and go to state 91
    IF                shift, and go to state 67
    WHILE             shift, and go to state 68
    SYSTEMOUTPRINTLN  shift, and go to state 69
    '{'               shift, and go to state 70

    Statement  go to state 98


State 77

   42 Statement: ID '[' . Exp ']' '=' Exp ';'

    NUMBER  shift, and go to state 79
    ID      shift, and go to state 80
    TRUE    shift, and go to state 81
    FALSE   shift, and go to state 82
    THIS    shift, and go to state 83
    NEW     shift, and go to state 84
    '('     shift, and go to state 85
    '!'     shift, and go to state 86

    Exp  go to state 99


State 78

   41 Statement: ID '=' . Exp ';'

    NUMBER  shift, and go to state 79
    ID      shift, and go to state 80
    TRUE    shift, and go to state 81
    FALSE   shift, and go to state 82
    THIS    shift, and go to state 83
    NEW     shift, and go to state 84
    '('     shift, and go to state 85
    '!'     shift, and go to state 86

    Exp  go to state 100


State 79

   54 Exp: NUMBER .

    $default  reduce using rule 54 (Exp)


State 80

   57 Exp: ID .

    $default  reduce using rule 57 (Exp)


State 81

   55 Exp: TRUE .

    $default  reduce using rule 55 (Exp)


State 82

   56 Exp: FALSE .

    $default  reduce using rule 56 (Exp)


State 83

   58 Exp: THIS .

    $default  reduce using rule 58 (Exp)


State 84

   59 Exp: NEW . INT '[' Exp ']'
   60    | NEW . ID '(' ')'

    ID   shift, and go to state 101
    INT  shift, and go to state 102


State 85

   62 Exp: '(' . Exp ')'

    NUMBER  shift, and go to state 79
    ID      shift, and go to state 80
    TRUE    shift, and go to state 81
    FALSE   shift, and go to state 82
    THIS    shift, and go to state 83
    NEW     shift, and go to state 84
    '('     shift, and go to state 85
    '!'     shift, and go to state 86

    Exp  go to state 103


State 86

   61 Exp: '!' . Exp

    NUMBER  shift, and go to state 79
    ID      shift, and go to state 80
    TRUE    shift, and go to state 81
    FALSE   shift, and go to state 82
    THIS    shift, and go to state 83
    NEW     shift, and go to state 84
    '('     shift, and go to state 85
    '!'     shift, and go to state 86

    Exp  go to state 104


State 87

   22 MethodDecl: PUBLIC Type ID '(' FormalList ')' '{' RETURN Exp . ';' '}'
   43 Exp: Exp . '=' Exp
   44    | Exp . '<' Exp
   45    | Exp . '|' Exp
   46    | Exp . '&' Exp
   47    | Exp . '-' Exp
   48    | Exp . '+' Exp
   49    | Exp . '/' Exp
   50    | Exp . '*' Exp
   51    | Exp . '[' Exp ']'
   52    | Exp . '.' LENGTH
   53    | Exp . '.' ID '(' ExpList ')'

    '&'  shift, and go to state 105
    '|'  shift, and go to state 106
    '-'  shift, and go to state 107
    '+'  shift, and go to state 108
    '*'  shift, and go to state 109
    '/'  shift, and go to state 110
    '['  shift, and go to state 111
    ';'  shift, and go to state 112
    '='  shift, and go to state 113
    '<'  shift, and go to state 114
    '.'  shift, and go to state 115


State 88

   38 Statement: IF '(' . Exp ')' Statement ELSE Statement

    NUMBER  shift, and go to state 79
    ID      shift, and go to state 80
    TRUE    shift, and go to state 81
    FALSE   shift, and go to state 82
    THIS    shift, and go to state 83
    NEW     shift, and go to state 84
    '('     shift, and go to state 85
    '!'     shift, and go to state 86

    Exp  go to state 116


State 89

   39 Statement: WHILE '(' . Exp ')' Statement

    NUMBER  shift, and go to state 79
    ID      shift, and go to state 80
    TRUE    shift, and go to state 81
    FALSE   shift, and go to state 82
    THIS    shift, and go to state 83
    NEW     shift, and go to state 84
    '('     shift, and go to state 85
    '!'     shift, and go to state 86

    Exp  go to state 117


State 90

   40 Statement: SYSTEMOUTPRINTLN '(' . Exp ')' ';'

    NUMBER  shift, and go to state 79
    ID      shift, and go to state 80
    TRUE    shift, and go to state 81
    FALSE   shift, and go to state 82
    THIS    shift, and go to state 83
    NEW     shift, and go to state 84
    '('     shift, and go to state 85
    '!'     shift, and go to state 86

    Exp  go to state 118


State 91

   41 Statement: ID . '=' Exp ';'
   42          | ID . '[' Exp ']' '=' Exp ';'

    '['  shift, and go to state 77
    '='  shift, and go to state 78


State 92

   30 Statements: Statements . Statement
   37 Statement: '{' Statements . '}'

    ID                shift, and go to state 91
    IF                shift, and go to state 67
    WHILE             shift, and go to state 68
    SYSTEMOUTPRINTLN  shift, and go to state 69
    '{'               shift, and go to state 70
    '}'               shift, and go to state 119

    Statement  go to state 96


State 93

   21 MethodDecl: PUBLIC Type ID '(' FormalList ')' '{' VarDecls RETURN . Exp ';' '}'

    NUMBER  shift, and go to state 79
    ID      shift, and go to state 80
    TRUE    shift, and go to state 81
    FALSE   shift, and go to state 82
    THIS    shift, and go to state 83
    NEW     shift, and go to state 84
    '('     shift, and go to state 85
    '!'     shift, and go to state 86

    Exp  go to state 120


State 94

   19 MethodDecl: PUBLIC Type ID '(' FormalList ')' '{' VarDecls Statements . RETURN Exp ';' '}'
   30 Statements: Statements . Statement

    ID                shift, and go to state 91
    RETURN            shift, and go to state 121
    IF                shift, and go to state 67
    WHILE             shift, and go to state 68
    SYSTEMOUTPRINTLN  shift, and go to state 69
    '{'               shift, and go to state 70

    Statement  go to state 96


State 95

   20 MethodDecl: PUBLIC Type ID '(' FormalList ')' '{' Statements RETURN . Exp ';' '}'

    NUMBER  shift, and go to state 79
    ID      shift, and go to state 80
    TRUE    shift, and go to state 81
    FALSE   shift, and go to state 82
    THIS    shift, and go to state 83
    NEW     shift, and go to state 84
    '('     shift, and go to state 85
    '!'     shift, and go to state 86

    Exp  go to state 122


State 96

   30 Statements: Statements Statement .

    $default  reduce using rule 30 (Statements)


State 97

   28 FormalRest: ',' Type ID .

    $default  reduce using rule 28 (FormalRest)


State 98

    5 MainClass: CLASS ID '{' PUBLIC STATIC VOID MAIN '(' STRING '[' ']' ')' '{' Statement . '}' '}'

    '}'  shift, and go to state 123


State 99

   42 Statement: ID '[' Exp . ']' '=' Exp ';'
   43 Exp: Exp . '=' Exp
   44    | Exp . '<' Exp
   45    | Exp . '|' Exp
   46    | Exp . '&' Exp
   47    | Exp . '-' Exp
   48    | Exp . '+' Exp
   49    | Exp . '/' Exp
   50    | Exp . '*' Exp
   51    | Exp . '[' Exp ']'
   52    | Exp . '.' LENGTH
   53    | Exp . '.' ID '(' ExpList ')'

    '&'  shift, and go to state 105
    '|'  shift, and go to state 106
    '-'  shift, and go to state 107
    '+'  shift, and go to state 108
    '*'  shift, and go to state 109
    '/'  shift, and go to state 110
    '['  shift, and go to state 111
    ']'  shift, and go to state 124
    '='  shift, and go to state 113
    '<'  shift, and go to state 114
    '.'  shift, and go to state 115


State 100

   41 Statement: ID '=' Exp . ';'
   43 Exp: Exp . '=' Exp
   44    | Exp . '<' Exp
   45    | Exp . '|' Exp
   46    | Exp . '&' Exp
   47    | Exp . '-' Exp
   48    | Exp . '+' Exp
   49    | Exp . '/' Exp
   50    | Exp . '*' Exp
   51    | Exp . '[' Exp ']'
   52    | Exp . '.' LENGTH
   53    | Exp . '.' ID '(' ExpList ')'

    '&'  shift, and go to state 105
    '|'  shift, and go to state 106
    '-'  shift, and go to state 107
    '+'  shift, and go to state 108
    '*'  shift, and go to state 109
    '/'  shift, and go to state 110
    '['  shift, and go to state 111
    ';'  shift, and go to state 125
    '='  shift, and go to state 113
    '<'  shift, and go to state 114
    '.'  shift, and go to state 115


State 101

   60 Exp: NEW ID . '(' ')'

    '('  shift, and go to state 126


State 102

   59 Exp: NEW INT . '[' Exp ']'

    '['  shift, and go to state 127


State 103

   43 Exp: Exp . '=' Exp
   44    | Exp . '<' Exp
   45    | Exp . '|' Exp
   46    | Exp . '&' Exp
   47    | Exp . '-' Exp
   48    | Exp . '+' Exp
   49    | Exp . '/' Exp
   50    | Exp . '*' Exp
   51    | Exp . '[' Exp ']'
   52    | Exp . '.' LENGTH
   53    | Exp . '.' ID '(' ExpList ')'
   62    | '(' Exp . ')'

    '&'  shift, and go to state 105
    '|'  shift, and go to state 106
    '-'  shift, and go to state 107
    '+'  shift, and go to state 108
    '*'  shift, and go to state 109
    '/'  shift, and go to state 110
    '['  shift, and go to state 111
    ')'  shift, and go to state 128
    '='  shift, and go to state 113
    '<'  shift, and go to state 114
    '.'  shift, and go to state 115


State 104

   43 Exp: Exp . '=' Exp
   44    | Exp . '<' Exp
   45    | Exp . '|' Exp
   46    | Exp . '&' Exp
   47    | Exp . '-' Exp
   48    | Exp . '+' Exp
   49    | Exp . '/' Exp
   50    | Exp . '*' Exp
   51    | Exp . '[' Exp ']'
   52    | Exp . '.' LENGTH
   53    | Exp . '.' ID '(' ExpList ')'
   61    | '!' Exp .

    '&'  shift, and go to state 105
    '|'  shift, and go to state 106
    '-'  shift, and go to state 107
    '+'  shift, and go to state 108
    '*'  shift, and go to state 109
    '/'  shift, and go to state 110
    '['  shift, and go to state 111
    '='  shift, and go to state 113
    '<'  shift, and go to state 114
    '.'  shift, and go to state 115

    '&'       [reduce using rule 61 (Exp)]
    '|'       [reduce using rule 61 (Exp)]
    '-'       [reduce using rule 61 (Exp)]
    '+'       [reduce using rule 61 (Exp)]
    '*'       [reduce using rule 61 (Exp)]
    '/'       [reduce using rule 61 (Exp)]
    '['       [reduce using rule 61 (Exp)]
    '='       [reduce using rule 61 (Exp)]
    '<'       [reduce using rule 61 (Exp)]
    '.'       [reduce using rule 61 (Exp)]
    $default  reduce using rule 61 (Exp)


State 105

   46 Exp: Exp '&' . Exp

    NUMBER  shift, and go to state 79
    ID      shift, and go to state 80
    TRUE    shift, and go to state 81
    FALSE   shift, and go to state 82
    THIS    shift, and go to state 83
    NEW     shift, and go to state 84
    '('     shift, and go to state 85
    '!'     shift, and go to state 86

    Exp  go to state 129


State 106

   45 Exp: Exp '|' . Exp

    NUMBER  shift, and go to state 79
    ID      shift, and go to state 80
    TRUE    shift, and go to state 81
    FALSE   shift, and go to state 82
    THIS    shift, and go to state 83
    NEW     shift, and go to state 84
    '('     shift, and go to state 85
    '!'     shift, and go to state 86

    Exp  go to state 130


State 107

   47 Exp: Exp '-' . Exp

    NUMBER  shift, and go to state 79
    ID      shift, and go to state 80
    TRUE    shift, and go to state 81
    FALSE   shift, and go to state 82
    THIS    shift, and go to state 83
    NEW     shift, and go to state 84
    '('     shift, and go to state 85
    '!'     shift, and go to state 86

    Exp  go to state 131


State 108

   48 Exp: Exp '+' . Exp

    NUMBER  shift, and go to state 79
    ID      shift, and go to state 80
    TRUE    shift, and go to state 81
    FALSE   shift, and go to state 82
    THIS    shift, and go to state 83
    NEW     shift, and go to state 84
    '('     shift, and go to state 85
    '!'     shift, and go to state 86

    Exp  go to state 132


State 109

   50 Exp: Exp '*' . Exp

    NUMBER  shift, and go to state 79
    ID      shift, and go to state 80
    TRUE    shift, and go to state 81
    FALSE   shift, and go to state 82
    THIS    shift, and go to state 83
    NEW     shift, and go to state 84
    '('     shift, and go to state 85
    '!'     shift, and go to state 86

    Exp  go to state 133


State 110

   49 Exp: Exp '/' . Exp

    NUMBER  shift, and go to state 79
    ID      shift, and go to state 80
    TRUE    shift, and go to state 81
    FALSE   shift, and go to state 82
    THIS    shift, and go to state 83
    NEW     shift, and go to state 84
    '('     shift, and go to state 85
    '!'     shift, and go to state 86

    Exp  go to state 134


State 111

   51 Exp: Exp '[' . Exp ']'

    NUMBER  shift, and go to state 79
    ID      shift, and go to state 80
    TRUE    shift, and go to state 81
    FALSE   shift, and go to state 82
    THIS    shift, and go to state 83
    NEW     shift, and go to state 84
    '('     shift, and go to state 85
    '!'     shift, and go to state 86

    Exp  go to state 135


State 112

   22 MethodDecl: PUBLIC Type ID '(' FormalList ')' '{' RETURN Exp ';' . '}'

    '}'  shift, and go to state 136


State 113

   43 Exp: Exp '=' . Exp

    NUMBER  shift, and go to state 79
    ID      shift, and go to state 80
    TRUE    shift, and go to state 81
    FALSE   shift, and go to state 82
    THIS    shift, and go to state 83
    NEW     shift, and go to state 84
    '('     shift, and go to state 85
    '!'     shift, and go to state 86

    Exp  go to state 137


State 114

   44 Exp: Exp '<' . Exp

    NUMBER  shift, and go to state 79
    ID      shift, and go to state 80
    TRUE    shift, and go to state 81
    FALSE   shift, and go to state 82
    THIS    shift, and go to state 83
    NEW     shift, and go to state 84
    '('     shift, and go to state 85
    '!'     shift, and go to state 86

    Exp  go to state 138


State 115

   52 Exp: Exp '.' . LENGTH
   53    | Exp '.' . ID '(' ExpList ')'

    ID      shift, and go to state 139
    LENGTH  shift, and go to state 140


State 116

   38 Statement: IF '(' Exp . ')' Statement ELSE Statement
   43 Exp: Exp . '=' Exp
   44    | Exp . '<' Exp
   45    | Exp . '|' Exp
   46    | Exp . '&' Exp
   47    | Exp . '-' Exp
   48    | Exp . '+' Exp
   49    | Exp . '/' Exp
   50    | Exp . '*' Exp
   51    | Exp . '[' Exp ']'
   52    | Exp . '.' LENGTH
   53    | Exp . '.' ID '(' ExpList ')'

    '&'  shift, and go to state 105
    '|'  shift, and go to state 106
    '-'  shift, and go to state 107
    '+'  shift, and go to state 108
    '*'  shift, and go to state 109
    '/'  shift, and go to state 110
    '['  shift, and go to state 111
    ')'  shift, and go to state 141
    '='  shift, and go to state 113
    '<'  shift, and go to state 114
    '.'  shift, and go to state 115


State 117

   39 Statement: WHILE '(' Exp . ')' Statement
   43 Exp: Exp . '=' Exp
   44    | Exp . '<' Exp
   45    | Exp . '|' Exp
   46    | Exp . '&' Exp
   47    | Exp . '-' Exp
   48    | Exp . '+' Exp
   49    | Exp . '/' Exp
   50    | Exp . '*' Exp
   51    | Exp . '[' Exp ']'
   52    | Exp . '.' LENGTH
   53    | Exp . '.' ID '(' ExpList ')'

    '&'  shift, and go to state 105
    '|'  shift, and go to state 106
    '-'  shift, and go to state 107
    '+'  shift, and go to state 108
    '*'  shift, and go to state 109
    '/'  shift, and go to state 110
    '['  shift, and go to state 111
    ')'  shift, and go to state 142
    '='  shift, and go to state 113
    '<'  shift, and go to state 114
    '.'  shift, and go to state 115


State 118

   40 Statement: SYSTEMOUTPRINTLN '(' Exp . ')' ';'
   43 Exp: Exp . '=' Exp
   44    | Exp . '<' Exp
   45    | Exp . '|' Exp
   46    | Exp . '&' Exp
   47    | Exp . '-' Exp
   48    | Exp . '+' Exp
   49    | Exp . '/' Exp
   50    | Exp . '*' Exp
   51    | Exp . '[' Exp ']'
   52    | Exp . '.' LENGTH
   53    | Exp . '.' ID '(' ExpList ')'

    '&'  shift, and go to state 105
    '|'  shift, and go to state 106
    '-'  shift, and go to state 107
    '+'  shift, and go to state 108
    '*'  shift, and go to state 109
    '/'  shift, and go to state 110
    '['  shift, and go to state 111
    ')'  shift, and go to state 143
    '='  shift, and go to state 113
    '<'  shift, and go to state 114
    '.'  shift, and go to state 115


State 119

   37 Statement: '{' Statements '}' .

    $default  reduce using rule 37 (Statement)


State 120

   21 MethodDecl: PUBLIC Type ID '(' FormalList ')' '{' VarDecls RETURN Exp . ';' '}'
   43 Exp: Exp . '=' Exp
   44    | Exp . '<' Exp
   45    | Exp . '|' Exp
   46    | Exp . '&' Exp
   47    | Exp . '-' Exp
   48    | Exp . '+' Exp
   49    | Exp . '/' Exp
   50    | Exp . '*' Exp
   51    | Exp . '[' Exp ']'
   52    | Exp . '.' LENGTH
   53    | Exp . '.' ID '(' ExpList ')'

    '&'  shift, and go to state 105
    '|'  shift, and go to state 106
    '-'  shift, and go to state 107
    '+'  shift, and go to state 108
    '*'  shift, and go to state 109
    '/'  shift, and go to state 110
    '['  shift, and go to state 111
    ';'  shift, and go to state 144
    '='  shift, and go to state 113
    '<'  shift, and go to state 114
    '.'  shift, and go to state 115


State 121

   19 MethodDecl: PUBLIC Type ID '(' FormalList ')' '{' VarDecls Statements RETURN . Exp ';' '}'

    NUMBER  shift, and go to state 79
    ID      shift, and go to state 80
    TRUE    shift, and go to state 81
    FALSE   shift, and go to state 82
    THIS    shift, and go to state 83
    NEW     shift, and go to state 84
    '('     shift, and go to state 85
    '!'     shift, and go to state 86

    Exp  go to state 145


State 122

   20 MethodDecl: PUBLIC Type ID '(' FormalList ')' '{' Statements RETURN Exp . ';' '}'
   43 Exp: Exp . '=' Exp
   44    | Exp . '<' Exp
   45    | Exp . '|' Exp
   46    | Exp . '&' Exp
   47    | Exp . '-' Exp
   48    | Exp . '+' Exp
   49    | Exp . '/' Exp
   50    | Exp . '*' Exp
   51    | Exp . '[' Exp ']'
   52    | Exp . '.' LENGTH
   53    | Exp . '.' ID '(' ExpList ')'

    '&'  shift, and go to state 105
    '|'  shift, and go to state 106
    '-'  shift, and go to state 107
    '+'  shift, and go to state 108
    '*'  shift, and go to state 109
    '/'  shift, and go to state 110
    '['  shift, and go to state 111
    ';'  shift, and go to state 146
    '='  shift, and go to state 113
    '<'  shift, and go to state 114
    '.'  shift, and go to state 115


State 123

    5 MainClass: CLASS ID '{' PUBLIC STATIC VOID MAIN '(' STRING '[' ']' ')' '{' Statement '}' . '}'

    '}'  shift, and go to state 147


State 124

   42 Statement: ID '[' Exp ']' . '=' Exp ';'

    '='  shift, and go to state 148


State 125

   41 Statement: ID '=' Exp ';' .

    $default  reduce using rule 41 (Statement)


State 126

   60 Exp: NEW ID '(' . ')'

    ')'  shift, and go to state 149


State 127

   59 Exp: NEW INT '[' . Exp ']'

    NUMBER  shift, and go to state 79
    ID      shift, and go to state 80
    TRUE    shift, and go to state 81
    FALSE   shift, and go to state 82
    THIS    shift, and go to state 83
    NEW     shift, and go to state 84
    '('     shift, and go to state 85
    '!'     shift, and go to state 86

    Exp  go to state 150


State 128

   62 Exp: '(' Exp ')' .

    $default  reduce using rule 62 (Exp)


State 129

   43 Exp: Exp . '=' Exp
   44    | Exp . '<' Exp
   45    | Exp . '|' Exp
   46    | Exp . '&' Exp
   46    | Exp '&' Exp .
   47    | Exp . '-' Exp
   48    | Exp . '+' Exp
   49    | Exp . '/' Exp
   50    | Exp . '*' Exp
   51    | Exp . '[' Exp ']'
   52    | Exp . '.' LENGTH
   53    | Exp . '.' ID '(' ExpList ')'

    '-'  shift, and go to state 107
    '+'  shift, and go to state 108
    '*'  shift, and go to state 109
    '/'  shift, and go to state 110
    '['  shift, and go to state 111
    '='  shift, and go to state 113
    '<'  shift, and go to state 114
    '.'  shift, and go to state 115

    '['       [reduce using rule 46 (Exp)]
    '='       [reduce using rule 46 (Exp)]
    '<'       [reduce using rule 46 (Exp)]
    '.'       [reduce using rule 46 (Exp)]
    $default  reduce using rule 46 (Exp)


State 130

   43 Exp: Exp . '=' Exp
   44    | Exp . '<' Exp
   45    | Exp . '|' Exp
   45    | Exp '|' Exp .
   46    | Exp . '&' Exp
   47    | Exp . '-' Exp
   48    | Exp . '+' Exp
   49    | Exp . '/' Exp
   50    | Exp . '*' Exp
   51    | Exp . '[' Exp ']'
   52    | Exp . '.' LENGTH
   53    | Exp . '.' ID '(' ExpList ')'

    '-'  shift, and go to state 107
    '+'  shift, and go to state 108
    '*'  shift, and go to state 109
    '/'  shift, and go to state 110
    '['  shift, and go to state 111
    '='  shift, and go to state 113
    '<'  shift, and go to state 114
    '.'  shift, and go to state 115

    '['       [reduce using rule 45 (Exp)]
    '='       [reduce using rule 45 (Exp)]
    '<'       [reduce using rule 45 (Exp)]
    '.'       [reduce using rule 45 (Exp)]
    $default  reduce using rule 45 (Exp)


State 131

   43 Exp: Exp . '=' Exp
   44    | Exp . '<' Exp
   45    | Exp . '|' Exp
   46    | Exp . '&' Exp
   47    | Exp . '-' Exp
   47    | Exp '-' Exp .
   48    | Exp . '+' Exp
   49    | Exp . '/' Exp
   50    | Exp . '*' Exp
   51    | Exp . '[' Exp ']'
   52    | Exp . '.' LENGTH
   53    | Exp . '.' ID '(' ExpList ')'

    '*'  shift, and go to state 109
    '/'  shift, and go to state 110
    '['  shift, and go to state 111
    '='  shift, and go to state 113
    '<'  shift, and go to state 114
    '.'  shift, and go to state 115

    '['       [reduce using rule 47 (Exp)]
    '='       [reduce using rule 47 (Exp)]
    '<'       [reduce using rule 47 (Exp)]
    '.'       [reduce using rule 47 (Exp)]
    $default  reduce using rule 47 (Exp)


State 132

   43 Exp: Exp . '=' Exp
   44    | Exp . '<' Exp
   45    | Exp . '|' Exp
   46    | Exp . '&' Exp
   47    | Exp . '-' Exp
   48    | Exp . '+' Exp
   48    | Exp '+' Exp .
   49    | Exp . '/' Exp
   50    | Exp . '*' Exp
   51    | Exp . '[' Exp ']'
   52    | Exp . '.' LENGTH
   53    | Exp . '.' ID '(' ExpList ')'

    '*'  shift, and go to state 109
    '/'  shift, and go to state 110
    '['  shift, and go to state 111
    '='  shift, and go to state 113
    '<'  shift, and go to state 114
    '.'  shift, and go to state 115

    '['       [reduce using rule 48 (Exp)]
    '='       [reduce using rule 48 (Exp)]
    '<'       [reduce using rule 48 (Exp)]
    '.'       [reduce using rule 48 (Exp)]
    $default  reduce using rule 48 (Exp)


State 133

   43 Exp: Exp . '=' Exp
   44    | Exp . '<' Exp
   45    | Exp . '|' Exp
   46    | Exp . '&' Exp
   47    | Exp . '-' Exp
   48    | Exp . '+' Exp
   49    | Exp . '/' Exp
   50    | Exp . '*' Exp
   50    | Exp '*' Exp .
   51    | Exp . '[' Exp ']'
   52    | Exp . '.' LENGTH
   53    | Exp . '.' ID '(' ExpList ')'

    '['  shift, and go to state 111
    '='  shift, and go to state 113
    '<'  shift, and go to state 114
    '.'  shift, and go to state 115

    '['       [reduce using rule 50 (Exp)]
    '='       [reduce using rule 50 (Exp)]
    '<'       [reduce using rule 50 (Exp)]
    '.'       [reduce using rule 50 (Exp)]
    $default  reduce using rule 50 (Exp)


State 134

   43 Exp: Exp . '=' Exp
   44    | Exp . '<' Exp
   45    | Exp . '|' Exp
   46    | Exp . '&' Exp
   47    | Exp . '-' Exp
   48    | Exp . '+' Exp
   49    | Exp . '/' Exp
   49    | Exp '/' Exp .
   50    | Exp . '*' Exp
   51    | Exp . '[' Exp ']'
   52    | Exp . '.' LENGTH
   53    | Exp . '.' ID '(' ExpList ')'

    '['  shift, and go to state 111
    '='  shift, and go to state 113
    '<'  shift, and go to state 114
    '.'  shift, and go to state 115

    '['       [reduce using rule 49 (Exp)]
    '='       [reduce using rule 49 (Exp)]
    '<'       [reduce using rule 49 (Exp)]
    '.'       [reduce using rule 49 (Exp)]
    $default  reduce using rule 49 (Exp)


State 135

   43 Exp: Exp . '=' Exp
   44    | Exp . '<' Exp
   45    | Exp . '|' Exp
   46    | Exp . '&' Exp
   47    | Exp . '-' Exp
   48    | Exp . '+' Exp
   49    | Exp . '/' Exp
   50    | Exp . '*' Exp
   51    | Exp . '[' Exp ']'
   51    | Exp '[' Exp . ']'
   52    | Exp . '.' LENGTH
   53    | Exp . '.' ID '(' ExpList ')'

    '&'  shift, and go to state 105
    '|'  shift, and go to state 106
    '-'  shift, and go to state 107
    '+'  shift, and go to state 108
    '*'  shift, and go to state 109
    '/'  shift, and go to state 110
    '['  shift, and go to state 111
    ']'  shift, and go to state 151
    '='  shift, and go to state 113
    '<'  shift, and go to state 114
    '.'  shift, and go to state 115


State 136

   22 MethodDecl: PUBLIC Type ID '(' FormalList ')' '{' RETURN Exp ';' '}' .

    $default  reduce using rule 22 (MethodDecl)


State 137

   43 Exp: Exp . '=' Exp
   43    | Exp '=' Exp .
   44    | Exp . '<' Exp
   45    | Exp . '|' Exp
   46    | Exp . '&' Exp
   47    | Exp . '-' Exp
   48    | Exp . '+' Exp
   49    | Exp . '/' Exp
   50    | Exp . '*' Exp
   51    | Exp . '[' Exp ']'
   52    | Exp . '.' LENGTH
   53    | Exp . '.' ID '(' ExpList ')'

    '&'  shift, and go to state 105
    '|'  shift, and go to state 106
    '-'  shift, and go to state 107
    '+'  shift, and go to state 108
    '*'  shift, and go to state 109
    '/'  shift, and go to state 110
    '['  shift, and go to state 111
    '='  shift, and go to state 113
    '<'  shift, and go to state 114
    '.'  shift, and go to state 115

    '&'       [reduce using rule 43 (Exp)]
    '|'       [reduce using rule 43 (Exp)]
    '-'       [reduce using rule 43 (Exp)]
    '+'       [reduce using rule 43 (Exp)]
    '*'       [reduce using rule 43 (Exp)]
    '/'       [reduce using rule 43 (Exp)]
    '['       [reduce using rule 43 (Exp)]
    '='       [reduce using rule 43 (Exp)]
    '<'       [reduce using rule 43 (Exp)]
    '.'       [reduce using rule 43 (Exp)]
    $default  reduce using rule 43 (Exp)


State 138

   43 Exp: Exp . '=' Exp
   44    | Exp . '<' Exp
   44    | Exp '<' Exp .
   45    | Exp . '|' Exp
   46    | Exp . '&' Exp
   47    | Exp . '-' Exp
   48    | Exp . '+' Exp
   49    | Exp . '/' Exp
   50    | Exp . '*' Exp
   51    | Exp . '[' Exp ']'
   52    | Exp . '.' LENGTH
   53    | Exp . '.' ID '(' ExpList ')'

    '&'  shift, and go to state 105
    '|'  shift, and go to state 106
    '-'  shift, and go to state 107
    '+'  shift, and go to state 108
    '*'  shift, and go to state 109
    '/'  shift, and go to state 110
    '['  shift, and go to state 111
    '='  shift, and go to state 113
    '<'  shift, and go to state 114
    '.'  shift, and go to state 115

    '&'       [reduce using rule 44 (Exp)]
    '|'       [reduce using rule 44 (Exp)]
    '-'       [reduce using rule 44 (Exp)]
    '+'       [reduce using rule 44 (Exp)]
    '*'       [reduce using rule 44 (Exp)]
    '/'       [reduce using rule 44 (Exp)]
    '['       [reduce using rule 44 (Exp)]
    '='       [reduce using rule 44 (Exp)]
    '<'       [reduce using rule 44 (Exp)]
    '.'       [reduce using rule 44 (Exp)]
    $default  reduce using rule 44 (Exp)


State 139

   53 Exp: Exp '.' ID . '(' ExpList ')'

    '('  shift, and go to state 152


State 140

   52 Exp: Exp '.' LENGTH .

    $default  reduce using rule 52 (Exp)


State 141

   38 Statement: IF '(' Exp ')' . Statement ELSE Statement

    ID                shift, and go to state 91
    IF                shift, and go to state 67
    WHILE             shift, and go to state 68
    SYSTEMOUTPRINTLN  shift, and go to state 69
    '{'               shift, and go to state 70

    Statement  go to state 153


State 142

   39 Statement: WHILE '(' Exp ')' . Statement

    ID                shift, and go to state 91
    IF                shift, and go to state 67
    WHILE             shift, and go to state 68
    SYSTEMOUTPRINTLN  shift, and go to state 69
    '{'               shift, and go to state 70

    Statement  go to state 154


State 143

   40 Statement: SYSTEMOUTPRINTLN '(' Exp ')' . ';'

    ';'  shift, and go to state 155


State 144

   21 MethodDecl: PUBLIC Type ID '(' FormalList ')' '{' VarDecls RETURN Exp ';' . '}'

    '}'  shift, and go to state 156


State 145

   19 MethodDecl: PUBLIC Type ID '(' FormalList ')' '{' VarDecls Statements RETURN Exp . ';' '}'
   43 Exp: Exp . '=' Exp
   44    | Exp . '<' Exp
   45    | Exp . '|' Exp
   46    | Exp . '&' Exp
   47    | Exp . '-' Exp
   48    | Exp . '+' Exp
   49    | Exp . '/' Exp
   50    | Exp . '*' Exp
   51    | Exp . '[' Exp ']'
   52    | Exp . '.' LENGTH
   53    | Exp . '.' ID '(' ExpList ')'

    '&'  shift, and go to state 105
    '|'  shift, and go to state 106
    '-'  shift, and go to state 107
    '+'  shift, and go to state 108
    '*'  shift, and go to state 109
    '/'  shift, and go to state 110
    '['  shift, and go to state 111
    ';'  shift, and go to state 157
    '='  shift, and go to state 113
    '<'  shift, and go to state 114
    '.'  shift, and go to state 115


State 146

   20 MethodDecl: PUBLIC Type ID '(' FormalList ')' '{' Statements RETURN Exp ';' . '}'

    '}'  shift, and go to state 158


State 147

    5 MainClass: CLASS ID '{' PUBLIC STATIC VOID MAIN '(' STRING '[' ']' ')' '{' Statement '}' '}' .

    $default  reduce using rule 5 (MainClass)


State 148

   42 Statement: ID '[' Exp ']' '=' . Exp ';'

    NUMBER  shift, and go to state 79
    ID      shift, and go to state 80
    TRUE    shift, and go to state 81
    FALSE   shift, and go to state 82
    THIS    shift, and go to state 83
    NEW     shift, and go to state 84
    '('     shift, and go to state 85
    '!'     shift, and go to state 86

    Exp  go to state 159


State 149

   60 Exp: NEW ID '(' ')' .

    $default  reduce using rule 60 (Exp)


State 150

   43 Exp: Exp . '=' Exp
   44    | Exp . '<' Exp
   45    | Exp . '|' Exp
   46    | Exp . '&' Exp
   47    | Exp . '-' Exp
   48    | Exp . '+' Exp
   49    | Exp . '/' Exp
   50    | Exp . '*' Exp
   51    | Exp . '[' Exp ']'
   52    | Exp . '.' LENGTH
   53    | Exp . '.' ID '(' ExpList ')'
   59    | NEW INT '[' Exp . ']'

    '&'  shift, and go to state 105
    '|'  shift, and go to state 106
    '-'  shift, and go to state 107
    '+'  shift, and go to state 108
    '*'  shift, and go to state 109
    '/'  shift, and go to state 110
    '['  shift, and go to state 111
    ']'  shift, and go to state 160
    '='  shift, and go to state 113
    '<'  shift, and go to state 114
    '.'  shift, and go to state 115


State 151

   51 Exp: Exp '[' Exp ']' .

    $default  reduce using rule 51 (Exp)


State 152

   53 Exp: Exp '.' ID '(' . ExpList ')'

    NUMBER  shift, and go to state 79
    ID      shift, and go to state 80
    TRUE    shift, and go to state 81
    FALSE   shift, and go to state 82
    THIS    shift, and go to state 83
    NEW     shift, and go to state 84
    '('     shift, and go to state 85
    '!'     shift, and go to state 86

    $default  reduce using rule 65 (ExpList)

    Exp      go to state 161
    ExpList  go to state 162


State 153

   38 Statement: IF '(' Exp ')' Statement . ELSE Statement

    ELSE  shift, and go to state 163


State 154

   39 Statement: WHILE '(' Exp ')' Statement .

    $default  reduce using rule 39 (Statement)


State 155

   40 Statement: SYSTEMOUTPRINTLN '(' Exp ')' ';' .

    $default  reduce using rule 40 (Statement)


State 156

   21 MethodDecl: PUBLIC Type ID '(' FormalList ')' '{' VarDecls RETURN Exp ';' '}' .

    $default  reduce using rule 21 (MethodDecl)


State 157

   19 MethodDecl: PUBLIC Type ID '(' FormalList ')' '{' VarDecls Statements RETURN Exp ';' . '}'

    '}'  shift, and go to state 164


State 158

   20 MethodDecl: PUBLIC Type ID '(' FormalList ')' '{' Statements RETURN Exp ';' '}' .

    $default  reduce using rule 20 (MethodDecl)


State 159

   42 Statement: ID '[' Exp ']' '=' Exp . ';'
   43 Exp: Exp . '=' Exp
   44    | Exp . '<' Exp
   45    | Exp . '|' Exp
   46    | Exp . '&' Exp
   47    | Exp . '-' Exp
   48    | Exp . '+' Exp
   49    | Exp . '/' Exp
   50    | Exp . '*' Exp
   51    | Exp . '[' Exp ']'
   52    | Exp . '.' LENGTH
   53    | Exp . '.' ID '(' ExpList ')'

    '&'  shift, and go to state 105
    '|'  shift, and go to state 106
    '-'  shift, and go to state 107
    '+'  shift, and go to state 108
    '*'  shift, and go to state 109
    '/'  shift, and go to state 110
    '['  shift, and go to state 111
    ';'  shift, and go to state 165
    '='  shift, and go to state 113
    '<'  shift, and go to state 114
    '.'  shift, and go to state 115


State 160

   59 Exp: NEW INT '[' Exp ']' .

    $default  reduce using rule 59 (Exp)


State 161

   43 Exp: Exp . '=' Exp
   44    | Exp . '<' Exp
   45    | Exp . '|' Exp
   46    | Exp . '&' Exp
   47    | Exp . '-' Exp
   48    | Exp . '+' Exp
   49    | Exp . '/' Exp
   50    | Exp . '*' Exp
   51    | Exp . '[' Exp ']'
   52    | Exp . '.' LENGTH
   53    | Exp . '.' ID '(' ExpList ')'
   63 ExpList: Exp . ExpRests
   64        | Exp .

    '&'  shift, and go to state 105
    '|'  shift, and go to state 106
    '-'  shift, and go to state 107
    '+'  shift, and go to state 108
    '*'  shift, and go to state 109
    '/'  shift, and go to state 110
    '['  shift, and go to state 111
    ','  shift, and go to state 166
    '='  shift, and go to state 113
    '<'  shift, and go to state 114
    '.'  shift, and go to state 115

    $default  reduce using rule 64 (ExpList)

    ExpRests  go to state 167
    ExpRest   go to state 168


State 162

   53 Exp: Exp '.' ID '(' ExpList . ')'

    ')'  shift, and go to state 169


State 163

   38 Statement: IF '(' Exp ')' Statement ELSE . Statement

    ID                shift, and go to state 91
    IF                shift, and go to state 67
    WHILE             shift, and go to state 68
    SYSTEMOUTPRINTLN  shift, and go to state 69
    '{'               shift, and go to state 70

    Statement  go to state 170


State 164

   19 MethodDecl: PUBLIC Type ID '(' FormalList ')' '{' VarDecls Statements RETURN Exp ';' '}' .

    $default  reduce using rule 19 (MethodDecl)


State 165

   42 Statement: ID '[' Exp ']' '=' Exp ';' .

    $default  reduce using rule 42 (Statement)


State 166

   68 ExpRest: ',' . Exp

    NUMBER  shift, and go to state 79
    ID      shift, and go to state 80
    TRUE    shift, and go to state 81
    FALSE   shift, and go to state 82
    THIS    shift, and go to state 83
    NEW     shift, and go to state 84
    '('     shift, and go to state 85
    '!'     shift, and go to state 86

    Exp  go to state 171


State 167

   63 ExpList: Exp ExpRests .
   67 ExpRests: ExpRests . ExpRest

    ','  shift, and go to state 166

    $default  reduce using rule 63 (ExpList)

    ExpRest  go to state 172


State 168

   66 ExpRests: ExpRest .

    $default  reduce using rule 66 (ExpRests)


State 169

   53 Exp: Exp '.' ID '(' ExpList ')' .

    $default  reduce using rule 53 (Exp)


State 170

   38 Statement: IF '(' Exp ')' Statement ELSE Statement .

    $default  reduce using rule 38 (Statement)


State 171

   43 Exp: Exp . '=' Exp
   44    | Exp . '<' Exp
   45    | Exp . '|' Exp
   46    | Exp . '&' Exp
   47    | Exp . '-' Exp
   48    | Exp . '+' Exp
   49    | Exp . '/' Exp
   50    | Exp . '*' Exp
   51    | Exp . '[' Exp ']'
   52    | Exp . '.' LENGTH
   53    | Exp . '.' ID '(' ExpList ')'
   68 ExpRest: ',' Exp .

    '&'  shift, and go to state 105
    '|'  shift, and go to state 106
    '-'  shift, and go to state 107
    '+'  shift, and go to state 108
    '*'  shift, and go to state 109
    '/'  shift, and go to state 110
    '['  shift, and go to state 111
    '='  shift, and go to state 113
    '<'  shift, and go to state 114
    '.'  shift, and go to state 115

    $default  reduce using rule 68 (ExpRest)


State 172

   67 ExpRests: ExpRests ExpRest .

    $default  reduce using rule 67 (ExpRests)
