Build started 12.10.2015 14:49:24.
     1>Project "C:\7semester\Compilers\MiniJavaCompiler\MiniJavaCompiler\MiniJavaCompiler.vcxproj" on node 2 (Build target(s)).
     1>CustomBuild:
         compiling flex
         Compiling bison
         miniJava.y: conflicts: 54 shift/reduce
       ClCompile:
         C:\Program Files (x86)\Microsoft Visual Studio 14.0\VC\bin\CL.exe /c /ZI /nologo /W3 /WX- /sdl /Od /Oy- /D _CRT_SECURE_NO_WARNINGS /D _MBCS /Gm /EHsc /RTC1 /MDd /GS /fp:precise /Zc:wchar_t /Zc:forScope /Zc:inline /Fo"Debug\\" /Fd"Debug\vc140.pdb" /Gd /TP /analyze- /errorReport:prompt main.cpp miniJava.cpp miniJava.tab.cpp
         miniJava.tab.cpp
         miniJava.cpp
     1>c:\program files (x86)\microsoft visual studio 14.0\vc\include\stdint.h(48): warning C4005: 'INT8_MIN': macro redefinition
         c:\7semester\compilers\minijavacompiler\minijavacompiler\minijava.cpp(60): note: see previous definition of 'INT8_MIN'
     1>c:\program files (x86)\microsoft visual studio 14.0\vc\include\stdint.h(49): warning C4005: 'INT16_MIN': macro redefinition
         c:\7semester\compilers\minijavacompiler\minijavacompiler\minijava.cpp(63): note: see previous definition of 'INT16_MIN'
     1>c:\program files (x86)\microsoft visual studio 14.0\vc\include\stdint.h(50): warning C4005: 'INT32_MIN': macro redefinition
         c:\7semester\compilers\minijavacompiler\minijavacompiler\minijava.cpp(66): note: see previous definition of 'INT32_MIN'
     1>c:\program files (x86)\microsoft visual studio 14.0\vc\include\stdint.h(52): warning C4005: 'INT8_MAX': macro redefinition
         c:\7semester\compilers\minijavacompiler\minijavacompiler\minijava.cpp(69): note: see previous definition of 'INT8_MAX'
     1>c:\program files (x86)\microsoft visual studio 14.0\vc\include\stdint.h(53): warning C4005: 'INT16_MAX': macro redefinition
         c:\7semester\compilers\minijavacompiler\minijavacompiler\minijava.cpp(72): note: see previous definition of 'INT16_MAX'
     1>c:\program files (x86)\microsoft visual studio 14.0\vc\include\stdint.h(54): warning C4005: 'INT32_MAX': macro redefinition
         c:\7semester\compilers\minijavacompiler\minijavacompiler\minijava.cpp(75): note: see previous definition of 'INT32_MAX'
     1>c:\program files (x86)\microsoft visual studio 14.0\vc\include\stdint.h(56): warning C4005: 'UINT8_MAX': macro redefinition
         c:\7semester\compilers\minijavacompiler\minijavacompiler\minijava.cpp(78): note: see previous definition of 'UINT8_MAX'
     1>c:\program files (x86)\microsoft visual studio 14.0\vc\include\stdint.h(57): warning C4005: 'UINT16_MAX': macro redefinition
         c:\7semester\compilers\minijavacompiler\minijavacompiler\minijava.cpp(81): note: see previous definition of 'UINT16_MAX'
     1>c:\program files (x86)\microsoft visual studio 14.0\vc\include\stdint.h(58): warning C4005: 'UINT32_MAX': macro redefinition
         c:\7semester\compilers\minijavacompiler\minijavacompiler\minijava.cpp(84): note: see previous definition of 'UINT32_MAX'
         main.cpp
         Generating Code...
       Link:
         C:\Program Files (x86)\Microsoft Visual Studio 14.0\VC\bin\link.exe /ERRORREPORT:PROMPT /OUT:"C:\7semester\Compilers\MiniJavaCompiler\Debug\MiniJavaCompiler.exe" /INCREMENTAL /NOLOGO kernel32.lib user32.lib gdi32.lib winspool.lib comdlg32.lib advapi32.lib shell32.lib ole32.lib oleaut32.lib uuid.lib odbc32.lib odbccp32.lib /MANIFEST /MANIFESTUAC:"level='asInvoker' uiAccess='false'" /manifest:embed /Debug /PDB:"C:\7semester\Compilers\MiniJavaCompiler\Debug\MiniJavaCompiler.pdb" /TLBID:1 /DYNAMICBASE /NXCOMPAT /IMPLIB:"C:\7semester\Compilers\MiniJavaCompiler\Debug\MiniJavaCompiler.lib" /MACHINE:X86 Debug\main.obj
         Debug\miniJava.obj
         Debug\miniJava.tab.obj
         MiniJavaCompiler.vcxproj -> C:\7semester\Compilers\MiniJavaCompiler\Debug\MiniJavaCompiler.exe
     1>Done Building Project "C:\7semester\Compilers\MiniJavaCompiler\MiniJavaCompiler\MiniJavaCompiler.vcxproj" (Build target(s)).

Build succeeded.

Time Elapsed 00:00:03.81
